16:38:25.056 T:140522071668864  NOTICE: special://profile/ is mapped to: special://masterprofile/
16:38:25.056 T:140522071668864  NOTICE: -----------------------------------------------------------------------
16:38:25.056 T:140522071668864  NOTICE: Starting Kodi (17.6 Git:a9a7a20). Platform: Linux x86 64-bit
16:38:25.056 T:140522071668864  NOTICE: Using Release Kodi x64 build
16:38:25.056 T:140522071668864  NOTICE: Kodi compiled Apr 13 2018 by GCC 6.2.0 for Linux x86 64-bit version 4.11.12 (264972)
16:38:25.056 T:140522071668864  NOTICE: Running on LibreELEC (official): 8.2.5, kernel: Linux x86 64-bit version 4.11.12
16:38:25.056 T:140522071668864  NOTICE: FFmpeg version/source: ffmpeg-3.1-kodi
16:38:25.056 T:140522071668864  NOTICE: Host CPU: Intel(R) Core(TM) i3-7100U CPU @ 2.40GHz, 4 cores available
16:38:25.056 T:140522071668864  NOTICE: special://xbmc/ is mapped to: /usr/share/kodi/
16:38:25.056 T:140522071668864  NOTICE: special://xbmcbin/ is mapped to: /usr/lib/kodi
16:38:25.056 T:140522071668864  NOTICE: special://xbmcbinaddons/ is mapped to: /usr/lib/kodi/addons
16:38:25.056 T:140522071668864  NOTICE: special://masterprofile/ is mapped to: /storage/.kodi/userdata
16:38:25.056 T:140522071668864  NOTICE: special://envhome/ is mapped to: /storage
16:38:25.056 T:140522071668864  NOTICE: special://home/ is mapped to: /storage/.kodi
16:38:25.056 T:140522071668864  NOTICE: special://temp/ is mapped to: /storage/.kodi/temp
16:38:25.056 T:140522071668864  NOTICE: special://logpath/ is mapped to: /storage/.kodi/temp
16:38:25.056 T:140522071668864  NOTICE: The executable running is: /usr/lib/kodi/kodi.bin
16:38:25.056 T:140522071668864  NOTICE: Local hostname: office
16:38:25.056 T:140522071668864  NOTICE: Log File is located: /storage/.kodi/temp//kodi.log
16:38:25.056 T:140522071668864  NOTICE: -----------------------------------------------------------------------
16:38:25.062 T:140522071668864   ERROR: DBus: Error org.freedesktop.DBus.Error.ServiceUnknown - The name org.freedesktop.UPower was not provided by any .service files
16:38:25.064 T:140522071668864  NOTICE: load settings...
16:38:25.114 T:140522071668864  NOTICE: Found 2 Lists of Devices
16:38:25.114 T:140522071668864  NOTICE: Enumerated ALSA devices:
16:38:25.114 T:140522071668864  NOTICE:     Device 1
16:38:25.114 T:140522071668864  NOTICE:         m_deviceName      : @
16:38:25.114 T:140522071668864  NOTICE:         m_displayName     : Default (HDA Intel PCH CX20751/2 Analog)
16:38:25.114 T:140522071668864  NOTICE:         m_displayNameExtra:
16:38:25.114 T:140522071668864  NOTICE:         m_deviceType      : AE_DEVTYPE_PCM
16:38:25.114 T:140522071668864  NOTICE:         m_channels        : FL,FR
16:38:25.114 T:140522071668864  NOTICE:         m_sampleRates     : 48000
16:38:25.114 T:140522071668864  NOTICE:         m_dataFormats     : AE_FMT_S32NE
16:38:25.114 T:140522071668864  NOTICE:         m_streamTypes     : No passthrough capabilities
16:38:25.114 T:140522071668864  NOTICE:     Device 2
16:38:25.114 T:140522071668864  NOTICE:         m_deviceName      : @:CARD=PCH,DEV=0
16:38:25.114 T:140522071668864  NOTICE:         m_displayName     : HDA Intel PCH
16:38:25.114 T:140522071668864  NOTICE:         m_displayNameExtra: CX20751/2 Analog
16:38:25.114 T:140522071668864  NOTICE:         m_deviceType      : AE_DEVTYPE_PCM
16:38:25.114 T:140522071668864  NOTICE:         m_channels        : FL,FR
16:38:25.114 T:140522071668864  NOTICE:         m_sampleRates     : 48000
16:38:25.114 T:140522071668864  NOTICE:         m_dataFormats     : AE_FMT_S32NE
16:38:25.114 T:140522071668864  NOTICE:         m_streamTypes     : No passthrough capabilities
16:38:25.114 T:140522071668864  NOTICE:     Device 3
16:38:25.114 T:140522071668864  NOTICE:         m_deviceName      : hdmi:CARD=PCH,DEV=0
16:38:25.114 T:140522071668864  NOTICE:         m_displayName     : HDA Intel PCH
16:38:25.114 T:140522071668864  NOTICE:         m_displayNameExtra: HDMI #0
16:38:25.114 T:140522071668864  NOTICE:         m_deviceType      : AE_DEVTYPE_HDMI
16:38:25.114 T:140522071668864  NOTICE:         m_channels        : FL,FR
16:38:25.114 T:140522071668864  NOTICE:         m_sampleRates     : 32000,44100,48000,88200,96000,176400,192000
16:38:25.114 T:140522071668864  NOTICE:         m_dataFormats     : AE_FMT_S32NE,AE_FMT_S16NE,AE_FMT_S16LE,AE_FMT_RAW
16:38:25.114 T:140522071668864  NOTICE:         m_streamTypes     : STREAM_TYPE_AC3,STREAM_TYPE_DTSHD,STREAM_TYPE_DTSHD_CORE,STREAM_TYPE_DTS_1024,STREAM_TYPE_DTS_2048,STREAM_TYPE_DTS_512,STREAM_TYPE_EAC3,STREAM_TYPE_TRUEHD
16:38:25.114 T:140522071668864  NOTICE:     Device 4
16:38:25.114 T:140522071668864  NOTICE:         m_deviceName      : hdmi:CARD=PCH,DEV=1
16:38:25.115 T:140522071668864  NOTICE:         m_displayName     : HDA Intel PCH
16:38:25.115 T:140522071668864  NOTICE:         m_displayNameExtra: HEC HISENSE on HDMI #1
16:38:25.115 T:140522071668864  NOTICE:         m_deviceType      : AE_DEVTYPE_HDMI
16:38:25.115 T:140522071668864  NOTICE:         m_channels        : FL,FR
16:38:25.115 T:140522071668864  NOTICE:         m_sampleRates     : 32000,44100,48000,88200,96000,176400,192000
16:38:25.115 T:140522071668864  NOTICE:         m_dataFormats     : AE_FMT_RAW,AE_FMT_S32NE,AE_FMT_S16NE,AE_FMT_S16LE,AE_FMT_RAW
16:38:25.115 T:140522071668864  NOTICE:         m_streamTypes     : STREAM_TYPE_AC3,STREAM_TYPE_DTSHD,STREAM_TYPE_DTSHD_CORE,STREAM_TYPE_DTS_1024,STREAM_TYPE_DTS_2048,STREAM_TYPE_DTS_512,STREAM_TYPE_EAC3,STREAM_TYPE_TRUEHD
16:38:25.115 T:140522071668864  NOTICE:     Device 5
16:38:25.115 T:140522071668864  NOTICE:         m_deviceName      : hdmi:CARD=PCH,DEV=2
16:38:25.115 T:140522071668864  NOTICE:         m_displayName     : HDA Intel PCH
16:38:25.115 T:140522071668864  NOTICE:         m_displayNameExtra: HDMI #2
16:38:25.115 T:140522071668864  NOTICE:         m_deviceType      : AE_DEVTYPE_HDMI
16:38:25.115 T:140522071668864  NOTICE:         m_channels        : FL,FR
16:38:25.115 T:140522071668864  NOTICE:         m_sampleRates     : 32000,44100,48000,88200,96000,176400,192000
16:38:25.115 T:140522071668864  NOTICE:         m_dataFormats     : AE_FMT_S32NE,AE_FMT_S16NE,AE_FMT_S16LE,AE_FMT_RAW
16:38:25.115 T:140522071668864  NOTICE:         m_streamTypes     : STREAM_TYPE_AC3,STREAM_TYPE_DTSHD,STREAM_TYPE_DTSHD_CORE,STREAM_TYPE_DTS_1024,STREAM_TYPE_DTS_2048,STREAM_TYPE_DTS_512,STREAM_TYPE_EAC3,STREAM_TYPE_TRUEHD
16:38:25.115 T:140522071668864  NOTICE:     Device 6
16:38:25.115 T:140522071668864  NOTICE:         m_deviceName      : hdmi:CARD=PCH,DEV=3
16:38:25.115 T:140522071668864  NOTICE:         m_displayName     : HDA Intel PCH
16:38:25.115 T:140522071668864  NOTICE:         m_displayNameExtra: HDMI #3
16:38:25.115 T:140522071668864  NOTICE:         m_deviceType      : AE_DEVTYPE_HDMI
16:38:25.115 T:140522071668864  NOTICE:         m_channels        : FL,FR
16:38:25.115 T:140522071668864  NOTICE:         m_sampleRates     : 32000,44100,48000,88200,96000,176400,192000
16:38:25.115 T:140522071668864  NOTICE:         m_dataFormats     : AE_FMT_S32NE,AE_FMT_S16NE,AE_FMT_S16LE,AE_FMT_RAW
16:38:25.115 T:140522071668864  NOTICE:         m_streamTypes     : STREAM_TYPE_AC3,STREAM_TYPE_DTSHD,STREAM_TYPE_DTSHD_CORE,STREAM_TYPE_DTS_1024,STREAM_TYPE_DTS_2048,STREAM_TYPE_DTS_512,STREAM_TYPE_EAC3,STREAM_TYPE_TRUEHD
16:38:25.115 T:140522071668864  NOTICE:     Device 7
16:38:25.115 T:140522071668864  NOTICE:         m_deviceName      : hdmi:CARD=PCH,DEV=4
16:38:25.115 T:140522071668864  NOTICE:         m_displayName     : HDA Intel PCH
16:38:25.115 T:140522071668864  NOTICE:         m_displayNameExtra: HDMI #4
16:38:25.115 T:140522071668864  NOTICE:         m_deviceType      : AE_DEVTYPE_HDMI
16:38:25.115 T:140522071668864  NOTICE:         m_channels        : FL,FR
16:38:25.115 T:140522071668864  NOTICE:         m_sampleRates     : 32000,44100,48000,88200,96000,176400,192000
16:38:25.115 T:140522071668864  NOTICE:         m_dataFormats     : AE_FMT_S32NE,AE_FMT_S16NE,AE_FMT_S16LE,AE_FMT_RAW
16:38:25.115 T:140522071668864  NOTICE:         m_streamTypes     : STREAM_TYPE_AC3,STREAM_TYPE_DTSHD,STREAM_TYPE_DTSHD_CORE,STREAM_TYPE_DTS_1024,STREAM_TYPE_DTS_2048,STREAM_TYPE_DTS_512,STREAM_TYPE_EAC3,STREAM_TYPE_TRUEHD
16:38:25.115 T:140522071668864  NOTICE: Enumerated PULSE devices:
16:38:25.115 T:140522071668864  NOTICE:     Device 1
16:38:25.115 T:140522071668864  NOTICE:         m_deviceName      : Default
16:38:25.115 T:140522071668864  NOTICE:         m_displayName     : Default
16:38:25.115 T:140522071668864  NOTICE:         m_displayNameExtra: Bluetooth Audio (PULSEAUDIO)
16:38:25.115 T:140522071668864  NOTICE:         m_deviceType      : AE_DEVTYPE_PCM
16:38:25.115 T:140522071668864  NOTICE:         m_channels        : FL,FR
16:38:25.115 T:140522071668864  NOTICE:         m_sampleRates     : 5512,8000,11025,16000,22050,32000,44100,48000,64000,88200,96000,176400,192000,384000
16:38:25.115 T:140522071668864  NOTICE:         m_dataFormats     : AE_FMT_U8,AE_FMT_S16NE,AE_FMT_S24NE3,AE_FMT_S24NE4,AE_FMT_S32NE,AE_FMT_FLOAT
16:38:25.115 T:140522071668864  NOTICE:         m_streamTypes     : No passthrough capabilities
16:38:25.117 T:140522071668864  NOTICE: Loaded settings file from special://xbmc/system/advancedsettings.xml
16:38:25.117 T:140522071668864  NOTICE: Contents of special://xbmc/system/advancedsettings.xml are...
                                            <?xml version="1.0" encoding="UTF-8" ?>
                                            <advancedsettings>
                                              <showexitbutton>false</showexitbutton>
                                              <remotedelay>1</remotedelay>
                                              <cputempcommand>cputemp</cputempcommand>
                                              <gputempcommand>gputemp</gputempcommand>
                                              <video>
                                                <latency>
                                                  <delay>0</delay>
                                                  <refresh>
                                                    <min>23</min>
                                                    <max>24</max>
                                                    <delay>175</delay>
                                                  </refresh>
                                                </latency>
                                              </video>
                                              <samba>
                                                <clienttimeout>30</clienttimeout>
                                              </samba>
                                            </advancedsettings>
16:38:25.118 T:140522071668864  NOTICE: Loaded settings file from special://profile/advancedsettings.xml
16:38:25.118 T:140522071668864  NOTICE: Contents of special://profile/advancedsettings.xml are...
                                            <advancedsettings>
                                              <videodatabase>
                                                <type>mysql</type>
                                                <host>127.0.0.1</host>
                                                <port>3306</port>
                                                <user>kodi</user>
                                                <pass>*****</pass>
                                              </videodatabase>
                                              <musicdatabase>
                                                <type>mysql</type>
                                                <host>127.0.0.1</host>
                                                <port>3306</port>
                                                <user>kodi</user>
                                                <pass>*****</pass>
                                              </musicdatabase>
                                              <videolibrary>
                                                <importwatchedstate>true</importwatchedstate>
                                                <importresumepoint>true</importresumepoint>
                                              </videolibrary>
                                              <!-- Force Kodi to ONLY use 1920x1080@60Hz for the interface -->
                                              <!-- All other resolutions and refresh rates are blacklisted -->
                                              <resolutions>
                                                <blacklist>
                                                  <!-- Blacklist all modes EXCEPT 1920x1080@60.000000 (ID: 0xe2) -->
                                                  <resolution>1920x1080@74.972504</resolution>
                                                  <resolution>1920x1080@50.000000</resolution>
                                                  <resolution>1920x1080@59.940201</resolution>
                                                  <resolution>1680x1050@59.883251</resolution>
                                                  <resolution>1280x1024@75.024673</resolution>
                                                  <resolution>1280x1024@60.019741</resolution>
                                                  <resolution>1440x900@59.901459</resolution>
                                                  <resolution>1280x960@60.000000</resolution>
                                                  <resolution>1152x864@75.000000</resolution>
                                                  <resolution>1280x720@60.000000</resolution>
                                                  <resolution>1280x720@50.000000</resolution>
                                                  <resolution>1280x720@59.940201</resolution>
                                                  <resolution>1440x576@50.000000</resolution>
                                                  <resolution>1024x768@75.028580</resolution>
                                                  <resolution>1024x768@70.069359</resolution>
                                                  <resolution>1024x768@60.003841</resolution>
                                                  <resolution>1440x480@60.000000</resolution>
                                                  <resolution>1440x480@59.940060</resolution>
                                                  <resolution>832x624@74.551270</resolution>
                                                  <resolution>800x600@72.187569</resolution>
                                                  <resolution>800x600@75.000000</resolution>
                                                  <resolution>800x600@60.316540</resolution>
                                                  <resolution>800x600@56.250000</resolution>
                                                  <resolution>720x576@50.000000</resolution>
                                                  <resolution>720x480@60.000000</resolution>
                                                  <resolution>720x480@59.940060</resolution>
                                                  <resolution>640x480@75.000000</resolution>
                                                  <resolution>640x480@72.808800</resolution>
                                                  <resolution>640x480@66.666672</resolution>
                                                  <resolution>640x480@60.000000</resolution>
                                                  <resolution>640x480@59.940479</resolution>
                                                  <resolution>720x400@70.081657</resolution>
                                                  <!-- 4K/UHD modes from HDMI2 (4K display) -->
                                                  <resolution>4096x2160@24.000000</resolution>
                                                  <resolution>4096x2160@23.976000</resolution>
                                                  <resolution>3840x2160@60.000000</resolution>
                                                  <resolution>3840x2160@59.940201</resolution>
                                                  <resolution>3840x2160@50.000000</resolution>
                                                  <resolution>3840x2160@30.000000</resolution>
                                                  <resolution>3840x2160@29.969999</resolution>
                                                  <resolution>3840x2160@25.000000</resolution>
                                                  <resolution>3840x2160@24.000000</resolution>
                                                  <resolution>3840x2160@23.976000</resolution>
                                                  <!-- Additional 1920x1080 modes to blacklist -->
                                                  <resolution>1920x1080@120.000000</resolution>
                                                  <resolution>1920x1080@119.879997</resolution>
                                                  <resolution>1920x1080@100.000000</resolution>
                                                  <resolution>1920x1080@24.000000</resolution>
                                                  <resolution>1920x1080@23.976080</resolution>
                                                </blacklist>
                                              </resolutions>
                                            </advancedsettings>
16:38:25.118 T:140522071668864 WARNING: VIDEO database configuration is experimental.
16:38:25.118 T:140522071668864  NOTICE: Default Video Player: VideoPlayer
16:38:25.118 T:140522071668864  NOTICE: Default Audio Player: paplayer
16:38:25.118 T:140522071668864  NOTICE: Disabled debug logging due to GUI setting. Level 0.
16:38:25.118 T:140522071668864  NOTICE: Log level changed to "LOG_LEVEL_NORMAL"
16:38:25.118 T:140522071668864  NOTICE: CMediaSourceSettings: loading media sources from special://masterprofile/sources.xml
16:38:25.118 T:140522071668864  NOTICE: Loading player core factory settings from special://xbmc/system/playercorefactory.xml.
16:38:25.118 T:140522071668864  NOTICE: Loaded playercorefactory configuration
16:38:25.118 T:140522071668864  NOTICE: Loading player core factory settings from special://masterprofile/playercorefactory.xml.
16:38:25.118 T:140522071668864  NOTICE: special://masterprofile/playercorefactory.xml does not exist. Skipping.
16:38:25.122 T:140522071668864  NOTICE: Running database version Addons27
16:38:25.206 T:140522071668864  NOTICE: ADDONS: Using repository repository.kodi.game
16:38:25.206 T:140522071668864  NOTICE: ADDONS: Using repository repository.libreelec.tv
16:38:25.206 T:140522071668864  NOTICE: ADDONS: Using repository repository.xbmc.org
16:38:25.345 T:140522071668864  NOTICE: Checking resolution 16
16:38:25.403 T:140522071668864  NOTICE: Using visual 0x20
16:38:25.405 T:140522071668864  NOTICE: GL_VENDOR = Intel Open Source Technology Center
16:38:25.405 T:140522071668864  NOTICE: GL_RENDERER = Mesa DRI Intel(R) HD Graphics 620 (Kaby Lake GT2)
16:38:25.405 T:140522071668864  NOTICE: GL_VERSION = 3.0 Mesa 17.1.3
16:38:25.405 T:140522071668864  NOTICE: GL_SHADING_LANGUAGE_VERSION = 1.30
16:38:25.406 T:140522071668864  NOTICE: GL_EXTENSIONS = GL_ARB_multisample GL_EXT_abgr GL_EXT_bgra GL_EXT_blend_color GL_EXT_blend_minmax GL_EXT_blend_subtract GL_EXT_copy_texture GL_EXT_polygon_offset GL_EXT_subtexture GL_EXT_texture_object GL_EXT_vertex_array GL_EXT_compiled_vertex_array GL_EXT_texture GL_EXT_texture3D GL_IBM_rasterpos_clip GL_ARB_point_parameters GL_EXT_draw_range_elements GL_EXT_packed_pixels GL_EXT_point_parameters GL_EXT_rescale_normal GL_EXT_separate_specular_color GL_EXT_texture_edge_clamp GL_SGIS_generate_mipmap GL_SGIS_texture_border_clamp GL_SGIS_texture_edge_clamp GL_SGIS_texture_lod GL_ARB_framebuffer_sRGB GL_ARB_multitexture GL_EXT_framebuffer_sRGB GL_IBM_multimode_draw_arrays GL_IBM_texture_mirrored_repeat GL_3DFX_texture_compression_FXT1 GL_ARB_texture_cube_map GL_ARB_texture_env_add GL_ARB_transpose_matrix GL_EXT_blend_func_separate GL_EXT_fog_coord GL_EXT_multi_draw_arrays GL_EXT_secondary_color GL_EXT_texture_env_add GL_EXT_texture_filter_anisotropic GL_EXT_texture_lod_bias GL_INGR_blend_func_separate GL_NV_blend_square GL_NV_light_max_exponent GL_NV_texgen_reflection GL_NV_texture_env_combine4 GL_S3_s3tc GL_SUN_multi_draw_arrays GL_ARB_texture_border_clamp GL_ARB_texture_compression GL_EXT_framebuffer_object GL_EXT_texture_env_combine GL_EXT_texture_env_dot3 GL_MESA_window_pos GL_NV_packed_depth_stencil GL_NV_texture_rectangle GL_ARB_depth_texture GL_ARB_occlusion_query GL_ARB_shadow GL_ARB_texture_env_combine GL_ARB_texture_env_crossbar GL_ARB_texture_env_dot3 GL_ARB_texture_mirrored_repeat GL_ARB_window_pos GL_EXT_stencil_two_side GL_EXT_texture_cube_map GL_NV_depth_clamp GL_APPLE_packed_pixels GL_APPLE_vertex_array_object GL_ARB_draw_buffers GL_ARB_fragment_program GL_ARB_fragment_shader GL_ARB_shader_objects GL_ARB_vertex_program GL_ARB_vertex_shader GL_ATI_draw_buffers GL_ATI_texture_env_combine3 GL_ATI_texture_float GL_EXT_shadow_funcs GL_EXT_stencil_wrap GL_MESA_pack_invert GL_NV_primitive_restart GL_ARB_depth_clamp GL_ARB_fragment_program_shadow GL_ARB_half_float_pixel GL_ARB_occlusion_query2 GL_ARB_point_sprite GL_ARB_shading_language_100 GL_ARB_sync GL_ARB_texture_non_power_of_two GL_ARB_vertex_buffer_object GL_ATI_blend_equation_separate GL_EXT_blend_equation_separate GL_OES_read_format GL_ARB_color_buffer_float GL_ARB_pixel_buffer_object GL_ARB_texture_compression_rgtc GL_ARB_texture_float GL_ARB_texture_rectangle GL_EXT_packed_float GL_EXT_pixel_buffer_object GL_EXT_texture_compression_dxt1 GL_EXT_texture_compression_rgtc GL_EXT_texture_rectangle GL_EXT_texture_sRGB GL_EXT_texture_shared_exponent GL_ARB_framebuffer_object GL_EXT_framebuffer_blit GL_EXT_framebuffer_multisample GL_EXT_packed_depth_stencil GL_APPLE_object_purgeable GL_ARB_vertex_array_object GL_ATI_separate_stencil GL_EXT_draw_buffers2 GL_EXT_draw_instanced GL_EXT_gpu_program_parameters GL_EXT_texture_array GL_EXT_texture_integer GL_EXT_texture_sRGB_decode GL_EXT_timer_query GL_OES_EGL_image GL_ARB_copy_buffer GL_ARB_depth_buffer_float GL_ARB_draw_instanced GL_ARB_half_float_vertex GL_ARB_instanced_arrays GL_ARB_map_buffer_range GL_ARB_texture_rg GL_ARB_texture_swizzle GL_ARB_vertex_array_bgra GL_EXT_texture_swizzle GL_EXT_vertex_array_bgra GL_NV_conditional_render GL_AMD_conservative_depth GL_AMD_draw_buffers_blend GL_AMD_seamless_cubemap_per_texture GL_AMD_shader_stencil_export GL_ARB_ES2_compatibility GL_ARB_blend_func_extended GL_ARB_debug_output GL_ARB_draw_buffers_blend GL_ARB_draw_elements_base_vertex GL_ARB_explicit_attrib_location GL_ARB_fragment_coord_conventions GL_ARB_provoking_vertex GL_ARB_sample_shading GL_ARB_sampler_objects GL_ARB_seamless_cube_map GL_ARB_shader_stencil_export GL_ARB_shader_texture_lod GL_ARB_texture_cube_map_array GL_ARB_texture_gather GL_ARB_texture_multisample GL_ARB_texture_query_lod GL_ARB_texture_rgb10_a2ui GL_ARB_uniform_buffer_object GL_ARB_vertex_type_2_10_10_10_rev GL_EXT_provoking_vertex GL_EXT_texture_snorm GL_MESA_texture_signed_rgba GL_NV_texture_barrier GL_ARB_get_program_binary GL_ARB_robustness GL_ARB_separate_shader_objects GL_ARB_shader_bit_encoding GL_ARB_shader_precision GL_ARB_texture_compression_bptc GL_ARB_timer_query GL_ARB_transform_feedback2 GL_ARB_transform_feedback3 GL_ANGLE_texture_compression_dxt3 GL_ANGLE_texture_compression_dxt5 GL_ARB_compressed_texture_pixel_storage GL_ARB_conservative_depth GL_ARB_internalformat_query GL_ARB_map_buffer_alignment GL_ARB_shader_atomic_counters GL_ARB_shader_image_load_store GL_ARB_shading_language_420pack GL_ARB_shading_language_packing GL_ARB_texture_storage GL_ARB_transform_feedback_instanced GL_EXT_framebuffer_multisample_blit_scaled GL_EXT_transform_feedback GL_AMD_shader_trinary_minmax GL_ARB_ES3_compatibility GL_ARB_arrays_of_arrays GL_ARB_clear_buffer_object GL_ARB_compute_shader GL_ARB_copy_image GL_ARB_explicit_uniform_location GL_ARB_framebuffer_no_attachments GL_ARB_invalidate_subdata GL_ARB_program_interface_query GL_ARB_robust_buffer_access_behavior GL_ARB_shader_image_size GL_ARB_shader_storage_buffer_object GL_ARB_stencil_texturing GL_ARB_texture_query_levels GL_ARB_texture_storage_multisample GL_ARB_texture_view GL_ARB_vertex_attrib_binding GL_KHR_debug GL_KHR_robustness GL_KHR_texture_compression_astc_ldr GL_ARB_buffer_storage GL_ARB_clear_texture GL_ARB_internalformat_query2 GL_ARB_multi_bind GL_ARB_query_buffer_object GL_ARB_seamless_cubemap_per_texture GL_ARB_shader_draw_parameters GL_ARB_texture_mirror_clamp_to_edge GL_ARB_texture_stencil8 GL_ARB_vertex_type_10f_11f_11f_rev GL_EXT_shader_integer_mix GL_INTEL_performance_query GL_ARB_clip_control GL_ARB_conditional_render_inverted GL_ARB_cull_distance GL_ARB_derivative_control GL_ARB_get_texture_sub_image GL_ARB_pipeline_statistics_query GL_ARB_shader_texture_image_samples GL_ARB_texture_barrier GL_ARB_transform_feedback_overflow_query GL_EXT_polygon_offset_clamp GL_KHR_blend_equation_advanced GL_KHR_blend_equation_advanced_coherent GL_KHR_context_flush_control GL_KHR_robust_buffer_access_behavior GL_ARB_shader_atomic_counter_ops GL_ARB_shader_clock GL_EXT_shader_samples_identical GL_KHR_texture_compression_astc_sliced_3d GL_MESA_shader_integer_functions
16:38:25.534 T:140522052736768  NOTICE: Running database version Addons27
16:38:25.534 T:140522052736768  NOTICE: Running database version ViewModes6
16:38:25.536 T:140522052736768  NOTICE: Running database version Textures13
16:38:25.541 T:140522052736768  NOTICE: Running database version MyMusic60
16:38:25.543 T:140522052736768  NOTICE: Running database version MyVideos107
16:38:25.544 T:140522052736768  NOTICE: Running database version TV29
16:38:25.544 T:140522052736768  NOTICE: Running database version Epg11
16:38:25.547 T:140522071668864  NOTICE: start dvd mediatype detection
16:38:25.630 T:140522071668864   ERROR: Couldn't load font name: FontSize_150BH(birth_of_a_hero.ttf), trying to substitute arial.ttf
16:38:25.638 T:140522071668864   ERROR: Couldn't load font name: FontSize_180L(lcdml___.ttf), trying to substitute arial.ttf
16:38:25.682 T:140522071668864   ERROR: Couldn't load font name: font10(roboto-regular.ttf), trying to substitute arial.ttf
16:38:25.684 T:140522071668864   ERROR: Couldn't load font name: font12(roboto-regular.ttf), trying to substitute arial.ttf
16:38:25.685 T:140522071668864   ERROR: Couldn't load font name: font13(roboto-regular.ttf), trying to substitute arial.ttf
16:38:25.686 T:140522071668864   ERROR: Couldn't load font name: font14(roboto-regular.ttf), trying to substitute arial.ttf
16:38:25.687 T:140522071668864   ERROR: Couldn't load font name: font16(roboto-regular.ttf), trying to substitute arial.ttf
16:38:25.688 T:140522071668864   ERROR: Couldn't load font name: font30(roboto-regular.ttf), trying to substitute arial.ttf
16:38:25.690 T:140522071668864   ERROR: Couldn't load font name: fontContextMenu(roboto-regular.ttf), trying to substitute arial.ttf
16:38:25.694 T:140522071668864   ERROR: Couldn't load font name: font_MainMenu(dejavusans-bold-caps.ttf), trying to substitute arial.ttf
16:38:25.696 T:140522071668864   ERROR: Couldn't load font name: PTVL10(poppins-medium.ttf), trying to substitute arial.ttf
16:38:25.696 T:140522071668864   ERROR: Couldn't load font name: PTVL12(poppins-medium.ttf), trying to substitute arial.ttf
16:38:25.697 T:140522071668864   ERROR: Couldn't load font name: PTVL13(poppins-medium.ttf), trying to substitute arial.ttf
16:38:25.697 T:140522071668864   ERROR: Couldn't load font name: PTVL14(poppins-medium.ttf), trying to substitute arial.ttf
16:38:25.819 T:140522071668864 WARNING: JSONRPC: Could not parse type "Setting.Details.SettingList"
16:38:25.834 T:140522071668864 WARNING: Label Formating: $VAR[Custom_ExitSubLabels] is not defined
16:38:25.836 T:140522071668864 WARNING: Previous line repeats 1 times.
16:38:25.836 T:140522071668864  NOTICE: starting zeroconf publishing
16:38:25.836 T:140522071668864  NOTICE: CWebServer[8080]: Started
16:38:25.836 T:140522071668864  NOTICE: starting upnp client
16:38:25.836 T:140522071668864  NOTICE: starting upnp renderer
16:38:25.857 T:140520173065984  NOTICE: ES: Starting UDP Event server on port 9777
16:38:25.857 T:140520173065984  NOTICE: UDP: Listening on port 9777 (ipv6 : true)
16:38:25.928 T:140521081091840  NOTICE: Skin Helper Widgets --> Backgroundservice started
16:38:26.319 T:140520978372352  NOTICE: script.grab.fanart: Grab Fanart Service Started
16:38:26.339 T:140519728494336  NOTICE: Skin Helper Service --> WebService - start helper webservice on port 52307
16:38:26.339 T:140521089484544  NOTICE: Skin Helper Service --> Skin Helper Service version 1.1.3 started
16:38:30.653 T:140522071668864 WARNING: CApplication::Initialize - startup.xml taints init process
16:38:30.656 T:140522071668864  NOTICE: initialize done
16:38:30.656 T:140522071668864  NOTICE: Running the application...
16:38:30.723 T:140519787198208  NOTICE: script.paragontv-Paragon TV-Starting Preset System Timer Service
16:38:30.804 T:140519464474368 WARNING: CPythonInvoker(12): Script invoked without an addon. Adding all addon modules installed to python path as fallback. This behaviour will be removed in future version.
16:38:30.807 T:140519384545024 WARNING: CPythonInvoker(13): Script invoked without an addon. Adding all addon modules installed to python path as fallback. This behaviour will be removed in future version.
16:38:30.836 T:140519472867072 WARNING: CPythonInvoker(11): Script invoked without an addon. Adding all addon modules installed to python path as fallback. This behaviour will be removed in future version.
16:38:30.868 T:140522071668864 WARNING: Skin has invalid include:
16:38:30.870 T:140522071668864 WARNING: Previous line repeats 7 times.
16:38:30.870 T:140522071668864 WARNING: Skin has invalid include: HomeWidgets_Lists
16:38:30.870 T:140522071668864 WARNING: Skin has invalid include:
16:38:30.870 T:140522071668864 WARNING: Skin has invalid include: HomeWidgets_Lists
16:38:30.870 T:140522071668864 WARNING: Skin has invalid include:
16:38:30.870 T:140522071668864 WARNING: Skin has invalid include: HomeWidgets_Lists
16:38:30.870 T:140522071668864 WARNING: Skin has invalid include: HomeWidgets_ContentInfo
16:38:30.870 T:140522071668864 WARNING: Skin has invalid include: TopHomeMenu
16:38:30.870 T:140522071668864 WARNING: Skin has invalid include:
16:38:30.870 T:140522071668864 WARNING: Skin has invalid include: HomeWidgets_Lists
16:38:30.870 T:140522071668864 WARNING: Skin has invalid include: HomeWidgets_ContentInfo
16:38:30.870 T:140522071668864 WARNING: Skin has invalid include: TopHomeMenu
16:38:30.998 T:140519376152320 WARNING: CPythonInvoker(14): Script invoked without an addon. Adding all addon modules installed to python path as fallback. This behaviour will be removed in future version.
16:38:31.001 T:140519384545024   ERROR: [PTV Shutdown Timer] Starting PTV Shutdown Timer
16:38:31.011 T:140519384545024   ERROR: [PTV Shutdown Timer] Checking schedule 'Bedtime'
16:38:31.011 T:140519384545024   ERROR: [PTV Shutdown Timer] Current time: 16:38
16:38:31.011 T:140519384545024   ERROR: [PTV Shutdown Timer] Shutdown time: 0:15
16:38:31.011 T:140519384545024   ERROR: [PTV Shutdown Timer] Minutes from midnight - Current: 998, Shutdown: 15
16:38:31.011 T:140519384545024   ERROR: [PTV Shutdown Timer] Time match (within window): False
16:38:31.011 T:140519384545024   ERROR: [PTV Shutdown Timer] Current day index: 3
16:38:31.011 T:140519384545024   ERROR: [PTV Shutdown Timer] Day match: False
16:38:31.011 T:140519384545024   ERROR: [PTV Shutdown Timer] Shutdown should trigger: False (Action: 1)
16:38:31.011 T:140519384545024   ERROR: [PTV Shutdown Timer] Checking schedule 'Late Night'
16:38:31.011 T:140519384545024   ERROR: [PTV Shutdown Timer] Current time: 16:38
16:38:31.011 T:140519384545024   ERROR: [PTV Shutdown Timer] Shutdown time: 3:30
16:38:31.011 T:140519384545024   ERROR: [PTV Shutdown Timer] Minutes from midnight - Current: 998, Shutdown: 210
16:38:31.011 T:140519384545024   ERROR: [PTV Shutdown Timer] Time match (within window): False
16:38:31.011 T:140519384545024   ERROR: [PTV Shutdown Timer] Current day index: 3
16:38:31.011 T:140519384545024   ERROR: [PTV Shutdown Timer] Day match: True
16:38:31.011 T:140519384545024   ERROR: [PTV Shutdown Timer] Shutdown should trigger: False (Action: 1)
16:38:31.015 T:140519464474368   ERROR: [PTV Startup Timer] Starting PTV Startup Timer
16:38:31.030 T:140519472867072   ERROR: [PTV Maintenance Timer] Starting PTV Maintenance Timer
16:38:31.039 T:140519376152320  NOTICE: [PTV Preset Timer] PTV Preset Refresh Timer (9-Phase Consolidated System) initialized
16:38:31.039 T:140519376152320  NOTICE: [PTV Preset Timer] Starting PTV Preset Refresh Timer (9-Phase Consolidated System)
16:38:31.058 T:140519376152320  NOTICE: [PTV Preset Timer] DEBUG: Today is Thursday (weekday=3)
16:38:31.058 T:140519376152320  NOTICE: [PTV Preset Timer] DEBUG: Setting name: ThursdayPreset
16:38:31.058 T:140519376152320  NOTICE: [PTV Preset Timer] DEBUG: Raw preset value: '2' (int: 2)
16:38:31.058 T:140519376152320  NOTICE: [PTV Preset Timer] DEBUG: Available presets: ['Alpha', 'Omega', 'Delta', 'Epsilon', 'Gamma', 'Sigma', 'Omicron', 'Theta', 'Lambda']
16:38:31.058 T:140519376152320  NOTICE: [PTV Preset Timer] Today's preset for Thursday: Omega (index=1)
16:38:34.059 T:140519376152320  NOTICE: [PTV Preset Timer] DEBUG: Today is Thursday (weekday=3)
16:38:34.059 T:140519376152320  NOTICE: [PTV Preset Timer] DEBUG: Setting name: ThursdayPreset
16:38:34.059 T:140519376152320  NOTICE: [PTV Preset Timer] DEBUG: Raw preset value: '2' (int: 2)
16:38:34.059 T:140519376152320  NOTICE: [PTV Preset Timer] DEBUG: Available presets: ['Alpha', 'Omega', 'Delta', 'Epsilon', 'Gamma', 'Sigma', 'Omicron', 'Theta', 'Lambda']
16:38:34.059 T:140519376152320  NOTICE: [PTV Preset Timer] Today's preset for Thursday: Omega (index=1)
16:38:41.012 T:140519384545024   ERROR: [PTV Shutdown Timer] Checking schedule 'Bedtime'
16:38:41.012 T:140519384545024   ERROR: [PTV Shutdown Timer] Current time: 16:38
16:38:41.012 T:140519384545024   ERROR: [PTV Shutdown Timer] Shutdown time: 0:15
16:38:41.012 T:140519384545024   ERROR: [PTV Shutdown Timer] Minutes from midnight - Current: 998, Shutdown: 15
16:38:41.012 T:140519384545024   ERROR: [PTV Shutdown Timer] Time match (within window): False
16:38:41.012 T:140519384545024   ERROR: [PTV Shutdown Timer] Current day index: 3
16:38:41.012 T:140519384545024   ERROR: [PTV Shutdown Timer] Day match: False
16:38:41.012 T:140519384545024   ERROR: [PTV Shutdown Timer] Shutdown should trigger: False (Action: 1)
16:38:41.012 T:140519384545024   ERROR: [PTV Shutdown Timer] Checking schedule 'Late Night'
16:38:41.012 T:140519384545024   ERROR: [PTV Shutdown Timer] Current time: 16:38
16:38:41.012 T:140519384545024   ERROR: [PTV Shutdown Timer] Shutdown time: 3:30
16:38:41.012 T:140519384545024   ERROR: [PTV Shutdown Timer] Minutes from midnight - Current: 998, Shutdown: 210
16:38:41.012 T:140519384545024   ERROR: [PTV Shutdown Timer] Time match (within window): False
16:38:41.012 T:140519384545024   ERROR: [PTV Shutdown Timer] Current day index: 3
16:38:41.012 T:140519384545024   ERROR: [PTV Shutdown Timer] Day match: True
16:38:41.012 T:140519384545024   ERROR: [PTV Shutdown Timer] Shutdown should trigger: False (Action: 1)
16:38:41.022 T:140522071668864 WARNING: Skin has invalid include: MainWindowMouseButtons
16:38:41.022 T:140522071668864 WARNING: Skin has invalid include: BehindDialogFadeOut
16:38:41.022 T:140522071668864 WARNING: Skin has invalid include: CommonWindowHeader
16:38:43.321 T:140522071668864 WARNING: Skin has invalid include: ParagonView
16:38:43.321 T:140522071668864 WARNING: Skin has invalid include: ThumbnailsView
16:38:43.321 T:140522071668864 WARNING: Skin has invalid include: ThumbnailsView_Addons
16:38:43.322 T:140522071668864 WARNING: Skin has invalid include: ListView_Arrows
16:38:44.060 T:140519376152320  NOTICE: [PTV Preset Timer] DEBUG: Today is Thursday (weekday=3)
16:38:44.060 T:140519376152320  NOTICE: [PTV Preset Timer] DEBUG: Setting name: ThursdayPreset
16:38:44.060 T:140519376152320  NOTICE: [PTV Preset Timer] DEBUG: Raw preset value: '2' (int: 2)
16:38:44.060 T:140519376152320  NOTICE: [PTV Preset Timer] DEBUG: Available presets: ['Alpha', 'Omega', 'Delta', 'Epsilon', 'Gamma', 'Sigma', 'Omicron', 'Theta', 'Lambda']
16:38:44.060 T:140519376152320  NOTICE: [PTV Preset Timer] Today's preset for Thursday: Omega (index=1)
16:38:51.013 T:140519384545024   ERROR: [PTV Shutdown Timer] Checking schedule 'Bedtime'
16:38:51.013 T:140519384545024   ERROR: [PTV Shutdown Timer] Current time: 16:38
16:38:51.013 T:140519384545024   ERROR: [PTV Shutdown Timer] Shutdown time: 0:15
16:38:51.013 T:140519384545024   ERROR: [PTV Shutdown Timer] Minutes from midnight - Current: 998, Shutdown: 15
16:38:51.013 T:140519384545024   ERROR: [PTV Shutdown Timer] Time match (within window): False
16:38:51.013 T:140519384545024   ERROR: [PTV Shutdown Timer] Current day index: 3
16:38:51.014 T:140519384545024   ERROR: [PTV Shutdown Timer] Day match: False
16:38:51.014 T:140519384545024   ERROR: [PTV Shutdown Timer] Shutdown should trigger: False (Action: 1)
16:38:51.014 T:140519384545024   ERROR: [PTV Shutdown Timer] Checking schedule 'Late Night'
16:38:51.014 T:140519384545024   ERROR: [PTV Shutdown Timer] Current time: 16:38
16:38:51.014 T:140519384545024   ERROR: [PTV Shutdown Timer] Shutdown time: 3:30
16:38:51.014 T:140519384545024   ERROR: [PTV Shutdown Timer] Minutes from midnight - Current: 998, Shutdown: 210
16:38:51.014 T:140519384545024   ERROR: [PTV Shutdown Timer] Time match (within window): False
16:38:51.014 T:140519384545024   ERROR: [PTV Shutdown Timer] Current day index: 3
16:38:51.014 T:140519384545024   ERROR: [PTV Shutdown Timer] Day match: True
16:38:51.014 T:140519384545024   ERROR: [PTV Shutdown Timer] Shutdown should trigger: False (Action: 1)
16:38:51.374 T:140522071668864 WARNING: Label Formating: $VAR[SettingsCategoryHeadLabels] is not defined
16:38:54.061 T:140519376152320  NOTICE: [PTV Preset Timer] DEBUG: Today is Thursday (weekday=3)
16:38:54.061 T:140519376152320  NOTICE: [PTV Preset Timer] DEBUG: Setting name: ThursdayPreset
16:38:54.061 T:140519376152320  NOTICE: [PTV Preset Timer] DEBUG: Raw preset value: '2' (int: 2)
16:38:54.061 T:140519376152320  NOTICE: [PTV Preset Timer] DEBUG: Available presets: ['Alpha', 'Omega', 'Delta', 'Epsilon', 'Gamma', 'Sigma', 'Omicron', 'Theta', 'Lambda']
16:38:54.061 T:140519376152320  NOTICE: [PTV Preset Timer] Today's preset for Thursday: Omega (index=1)
16:38:56.884 T:140519096170240 WARNING: CPythonInvoker(24): Script invoked without an addon. Adding all addon modules installed to python path as fallback. This behaviour will be removed in future version.
16:38:56.933 T:140519096170240 WARNING: Skin has invalid include: dialogeffect
16:38:56.933 T:140519096170240 WARNING: Skin has invalid include: DialogBackgroundCommons
16:38:56.936 T:140519096170240 WARNING: Previous line repeats 1 times.
16:38:56.936 T:140519096170240   ERROR: Control 11 in window 10101 has been asked to focus, but it can't
16:38:56.936 T:140519096170240   ERROR: 2025-11-27 16:38:56,936 - INFO - Cleared metadata caches for fresh run
16:38:56.936 T:140519096170240   ERROR: 2025-11-27 16:38:56,936 - ERROR - Directory not found: nfs://10.0.0.39/mnt/user/TELEVISION/
16:38:57.468 T:140522071668864 WARNING: Skin has invalid include: dialogeffect
16:38:57.468 T:140522071668864 WARNING: Skin has invalid include: DialogBackgroundCommons
16:39:01.014 T:140519384545024 WARNING: Previous line repeats 1 times.
16:39:01.015 T:140519384545024   ERROR: [PTV Shutdown Timer] Checking schedule 'Bedtime'
16:39:01.015 T:140519384545024   ERROR: [PTV Shutdown Timer] Current time: 16:39
16:39:01.015 T:140519384545024   ERROR: [PTV Shutdown Timer] Shutdown time: 0:15
16:39:01.015 T:140519384545024   ERROR: [PTV Shutdown Timer] Minutes from midnight - Current: 999, Shutdown: 15
16:39:01.015 T:140519384545024   ERROR: [PTV Shutdown Timer] Time match (within window): False
16:39:01.015 T:140519384545024   ERROR: [PTV Shutdown Timer] Current day index: 3
16:39:01.015 T:140519384545024   ERROR: [PTV Shutdown Timer] Day match: False
16:39:01.015 T:140519384545024   ERROR: [PTV Shutdown Timer] Shutdown should trigger: False (Action: 1)
16:39:01.015 T:140519384545024   ERROR: [PTV Shutdown Timer] Checking schedule 'Late Night'
16:39:01.015 T:140519384545024   ERROR: [PTV Shutdown Timer] Current time: 16:39
16:39:01.015 T:140519384545024   ERROR: [PTV Shutdown Timer] Shutdown time: 3:30
16:39:01.015 T:140519384545024   ERROR: [PTV Shutdown Timer] Minutes from midnight - Current: 999, Shutdown: 210
16:39:01.015 T:140519384545024   ERROR: [PTV Shutdown Timer] Time match (within window): False
16:39:01.015 T:140519384545024   ERROR: [PTV Shutdown Timer] Current day index: 3
16:39:01.015 T:140519384545024   ERROR: [PTV Shutdown Timer] Day match: True
16:39:01.015 T:140519384545024   ERROR: [PTV Shutdown Timer] Shutdown should trigger: False (Action: 1)
16:39:04.063 T:140519376152320  NOTICE: [PTV Preset Timer] DEBUG: Today is Thursday (weekday=3)
16:39:04.063 T:140519376152320  NOTICE: [PTV Preset Timer] DEBUG: Setting name: ThursdayPreset
16:39:04.063 T:140519376152320  NOTICE: [PTV Preset Timer] DEBUG: Raw preset value: '2' (int: 2)
16:39:04.063 T:140519376152320  NOTICE: [PTV Preset Timer] DEBUG: Available presets: ['Alpha', 'Omega', 'Delta', 'Epsilon', 'Gamma', 'Sigma', 'Omicron', 'Theta', 'Lambda']
16:39:04.063 T:140519376152320  NOTICE: [PTV Preset Timer] Today's preset for Thursday: Omega (index=1)
16:39:11.015 T:140519384545024   ERROR: [PTV Shutdown Timer] Checking schedule 'Bedtime'
16:39:11.015 T:140519384545024   ERROR: [PTV Shutdown Timer] Current time: 16:39
16:39:11.015 T:140519384545024   ERROR: [PTV Shutdown Timer] Shutdown time: 0:15
16:39:11.015 T:140519384545024   ERROR: [PTV Shutdown Timer] Minutes from midnight - Current: 999, Shutdown: 15
16:39:11.015 T:140519384545024   ERROR: [PTV Shutdown Timer] Time match (within window): False
16:39:11.015 T:140519384545024   ERROR: [PTV Shutdown Timer] Current day index: 3
16:39:11.015 T:140519384545024   ERROR: [PTV Shutdown Timer] Day match: False
16:39:11.015 T:140519384545024   ERROR: [PTV Shutdown Timer] Shutdown should trigger: False (Action: 1)
16:39:11.015 T:140519384545024   ERROR: [PTV Shutdown Timer] Checking schedule 'Late Night'
16:39:11.015 T:140519384545024   ERROR: [PTV Shutdown Timer] Current time: 16:39
16:39:11.015 T:140519384545024   ERROR: [PTV Shutdown Timer] Shutdown time: 3:30
16:39:11.015 T:140519384545024   ERROR: [PTV Shutdown Timer] Minutes from midnight - Current: 999, Shutdown: 210
16:39:11.015 T:140519384545024   ERROR: [PTV Shutdown Timer] Time match (within window): False
16:39:11.015 T:140519384545024   ERROR: [PTV Shutdown Timer] Current day index: 3
16:39:11.015 T:140519384545024   ERROR: [PTV Shutdown Timer] Day match: True
16:39:11.015 T:140519384545024   ERROR: [PTV Shutdown Timer] Shutdown should trigger: False (Action: 1)
